# JRE version: Java(TM) SE Runtime Environment (8.0_131-b11) (build 1.8.0_131-b11)
# Java VM: Java HotSpot(TM) 64-Bit Server VM (25.131-b11 mixed mode windows-amd64 compressed oops)
Heap:
 PSYoungGen      total 444928K, used 140509K [0x00000000d5e00000, 0x00000000f7800000, 0x0000000100000000)
  eden space 382976K, 36% used [0x00000000d5e00000,0x00000000de737718,0x00000000ed400000)
  from space 61952K, 0% used [0x00000000ed780000,0x00000000ed780000,0x00000000f1400000)
  to   space 83968K, 0% used [0x00000000f2600000,0x00000000f2600000,0x00000000f7800000)
 ParOldGen       total 165376K, used 165356K [0x0000000081a00000, 0x000000008bb80000, 0x00000000d5e00000)
  object space 165376K, 99% used [0x0000000081a00000,0x000000008bb7b350,0x000000008bb80000)
 Metaspace       used 6753K, capacity 7320K, committed 7680K, reserved 1056768K
  class space    used 645K, capacity 656K, committed 768K, reserved 1048576K
GC Heap History (10 events):
Event: 6.204 GC heap before
{Heap before GC invocations=10 (full 1):
 PSYoungGen      total 290304K, used 37355K [0x00000000d5e00000, 0x00000000f5580000, 0x0000000100000000)
  eden space 252928K, 0% used [0x00000000d5e00000,0x00000000d5e00000,0x00000000e5500000)
  from space 37376K, 99% used [0x00000000e5500000,0x00000000e797ad18,0x00000000e7980000)
  to   space 55296K, 0% used [0x00000000f1f80000,0x00000000f1f80000,0x00000000f5580000)
 ParOldGen       total 87552K, used 80204K [0x0000000081a00000, 0x0000000086f80000, 0x00000000d5e00000)
  object space 87552K, 91% used [0x0000000081a00000,0x00000000868533b0,0x0000000086f80000)
 Metaspace       used 6697K, capacity 7256K, committed 7424K, reserved 1056768K
  class space    used 643K, capacity 656K, committed 768K, reserved 1048576K
Event: 6.971 GC heap after
Heap after GC invocations=10 (full 1):
 PSYoungGen      total 290304K, used 25477K [0x00000000d5e00000, 0x00000000f5580000, 0x0000000100000000)
  eden space 252928K, 0% used [0x00000000d5e00000,0x00000000d5e00000,0x00000000e5500000)
  from space 37376K, 68% used [0x00000000e5500000,0x00000000e6de17d8,0x00000000e7980000)
  to   space 55296K, 0% used [0x00000000f1f80000,0x00000000f1f80000,0x00000000f5580000)
 ParOldGen       total 165376K, used 87337K [0x0000000081a00000, 0x000000008bb80000, 0x00000000d5e00000)
  object space 165376K, 52% used [0x0000000081a00000,0x0000000086f4a5b8,0x000000008bb80000)
 Metaspace       used 6697K, capacity 7256K, committed 7424K, reserved 1056768K
  class space    used 643K, capacity 656K, committed 768K, reserved 1048576K
}
Event: 7.748 GC heap before
{Heap before GC invocations=11 (full 1):
 PSYoungGen      total 290304K, used 278405K [0x00000000d5e00000, 0x00000000f5580000, 0x0000000100000000)
  eden space 252928K, 100% used [0x00000000d5e00000,0x00000000e5500000,0x00000000e5500000)
  from space 37376K, 68% used [0x00000000e5500000,0x00000000e6de17d8,0x00000000e7980000)
  to   space 55296K, 0% used [0x00000000f1f80000,0x00000000f1f80000,0x00000000f5580000)
 ParOldGen       total 165376K, used 87337K [0x0000000081a00000, 0x000000008bb80000, 0x00000000d5e00000)
  object space 165376K, 52% used [0x0000000081a00000,0x0000000086f4a5b8,0x000000008bb80000)
 Metaspace       used 6702K, capacity 7320K, committed 7680K, reserved 1056768K
  class space    used 643K, capacity 656K, committed 768K, reserved 1048576K
Event: 7.860 GC heap after
Heap after GC invocations=11 (full 1):
 PSYoungGen      total 362496K, used 49703K [0x00000000d5e00000, 0x00000000f5080000, 0x0000000100000000)
  eden space 312320K, 0% used [0x00000000d5e00000,0x00000000d5e00000,0x00000000e8f00000)
  from space 50176K, 99% used [0x00000000f1f80000,0x00000000f5009c08,0x00000000f5080000)
  to   space 61952K, 0% used [0x00000000ed780000,0x00000000ed780000,0x00000000f1400000)
 ParOldGen       total 165376K, used 102484K [0x0000000081a00000, 0x000000008bb80000, 0x00000000d5e00000)
  object space 165376K, 61% used [0x0000000081a00000,0x0000000087e15310,0x000000008bb80000)
 Metaspace       used 6702K, capacity 7320K, committed 7680K, reserved 1056768K
  class space    used 643K, capacity 656K, committed 768K, reserved 1048576K
}
Event: 9.594 GC heap before
{Heap before GC invocations=12 (full 1):
 PSYoungGen      total 362496K, used 362023K [0x00000000d5e00000, 0x00000000f5080000, 0x0000000100000000)
  eden space 312320K, 100% used [0x00000000d5e00000,0x00000000e8f00000,0x00000000e8f00000)
  from space 50176K, 99% used [0x00000000f1f80000,0x00000000f5009c08,0x00000000f5080000)
  to   space 61952K, 0% used [0x00000000ed780000,0x00000000ed780000,0x00000000f1400000)
 ParOldGen       total 165376K, used 102484K [0x0000000081a00000, 0x000000008bb80000, 0x00000000d5e00000)
  object space 165376K, 61% used [0x0000000081a00000,0x0000000087e15310,0x000000008bb80000)
 Metaspace       used 6709K, capacity 7320K, committed 7680K, reserved 1056768K
  class space    used 644K, capacity 656K, committed 768K, reserved 1048576K
Event: 9.695 GC heap after
Heap after GC invocations=12 (full 1):
 PSYoungGen      total 444928K, used 61922K [0x00000000d5e00000, 0x00000000f7800000, 0x0000000100000000)
  eden space 382976K, 0% used [0x00000000d5e00000,0x00000000d5e00000,0x00000000ed400000)
  from space 61952K, 99% used [0x00000000ed780000,0x00000000f13f8900,0x00000000f1400000)
  to   space 83968K, 0% used [0x00000000f2600000,0x00000000f2600000,0x00000000f7800000)
 ParOldGen       total 165376K, used 135364K [0x0000000081a00000, 0x000000008bb80000, 0x00000000d5e00000)
  object space 165376K, 81% used [0x0000000081a00000,0x0000000089e31100,0x000000008bb80000)
 Metaspace       used 6709K, capacity 7320K, committed 7680K, reserved 1056768K
  class space    used 644K, capacity 656K, committed 768K, reserved 1048576K
}
Event: 9.695 GC heap before
{Heap before GC invocations=13 (full 2):
 PSYoungGen      total 444928K, used 61922K [0x00000000d5e00000, 0x00000000f7800000, 0x0000000100000000)
  eden space 382976K, 0% used [0x00000000d5e00000,0x00000000d5e00000,0x00000000ed400000)
  from space 61952K, 99% used [0x00000000ed780000,0x00000000f13f8900,0x00000000f1400000)
  to   space 83968K, 0% used [0x00000000f2600000,0x00000000f2600000,0x00000000f7800000)
 ParOldGen       total 165376K, used 135364K [0x0000000081a00000, 0x000000008bb80000, 0x00000000d5e00000)
  object space 165376K, 81% used [0x0000000081a00000,0x0000000089e31100,0x000000008bb80000)
 Metaspace       used 6709K, capacity 7320K, committed 7680K, reserved 1056768K
  class space    used 644K, capacity 656K, committed 768K, reserved 1048576K
Event: 10.699 GC heap after
Heap after GC invocations=13 (full 2):
 PSYoungGen      total 444928K, used 27013K [0x00000000d5e00000, 0x00000000f7800000, 0x0000000100000000)
  eden space 382976K, 0% used [0x00000000d5e00000,0x00000000d5e00000,0x00000000ed400000)
  from space 61952K, 43% used [0x00000000ed780000,0x00000000ef1e1718,0x00000000f1400000)
  to   space 83968K, 0% used [0x00000000f2600000,0x00000000f2600000,0x00000000f7800000)
 ParOldGen       total 165376K, used 165284K [0x0000000081a00000, 0x000000008bb80000, 0x00000000d5e00000)
  object space 165376K, 99% used [0x0000000081a00000,0x000000008bb692a8,0x000000008bb80000)
 Metaspace       used 6709K, capacity 7320K, committed 7680K, reserved 1056768K
  class space    used 644K, capacity 656K, committed 768K, reserved 1048576K
}
Event: 13.758 GC heap before
{Heap before GC invocations=14 (full 3):
 PSYoungGen      total 444928K, used 409989K [0x00000000d5e00000, 0x00000000f7800000, 0x0000000100000000)
  eden space 382976K, 100% used [0x00000000d5e00000,0x00000000ed400000,0x00000000ed400000)
  from space 61952K, 43% used [0x00000000ed780000,0x00000000ef1e1718,0x00000000f1400000)
  to   space 83968K, 0% used [0x00000000f2600000,0x00000000f2600000,0x00000000f7800000)
 ParOldGen       total 165376K, used 165284K [0x0000000081a00000, 0x000000008bb80000, 0x00000000d5e00000)
  object space 165376K, 99% used [0x0000000081a00000,0x000000008bb692a8,0x000000008bb80000)
 Metaspace       used 6752K, capacity 7320K, committed 7680K, reserved 1056768K
  class space    used 645K, capacity 656K, committed 768K, reserved 1048576K
Event: 15.012 GC heap after
Heap after GC invocations=14 (full 3):
 PSYoungGen      total 444928K, used 90754K [0x00000000d5e00000, 0x00000000f7800000, 0x0000000100000000)
  eden space 382976K, 23% used [0x00000000d5e00000,0x00000000db6a09f8,0x00000000ed400000)
  from space 61952K, 0% used [0x00000000ed780000,0x00000000ed780000,0x00000000f1400000)
  to   space 83968K, 0% used [0x00000000f2600000,0x00000000f2600000,0x00000000f7800000)
 ParOldGen       total 165376K, used 165356K [0x0000000081a00000, 0x000000008bb80000, 0x00000000d5e00000)
  object space 165376K, 99% used [0x0000000081a00000,0x000000008bb7b350,0x000000008bb80000)
 Metaspace       used 6752K, capacity 7320K, committed 7680K, reserved 1056768K
  class space    used 645K, capacity 656K, committed 768K, reserved 1048576K
}

